2020-04-17T05:03:56.226Z    ERROR: GET "/leagues/5e9938bcbc0bf750c430354a" 404    "Not Found"
2020-04-17T05:04:33.605Z    ERROR: GET "/leagues/5e9938e1e8b55f50dcf3bd73" 404    "Not Found"
2020-04-17T05:13:32.376Z    ERROR: GET "/leagues/5e993afc2d543251146507a1" 200    "Invalid ID"
2020-04-17T05:14:58.686Z    ERROR: GET "/leagues/5e993b52a73688512995bfe4" 404    "Invalid ID"
2020-04-17T05:15:43.120Z    ERROR: GET "/leagues/5e993b7fb077b0513e32f960" 404    "Invalid ID"
2020-04-17T05:17:06.517Z    ERROR: GET "/leagues/5e993bd28d480e515314620c" 404    "Invalid ID"
2020-04-17T05:17:37.921Z    ERROR: GET "/leagues/5e993bf1221a3751683ce001" 404    "Invalid ID"
2020-04-17T05:18:07.695Z    ERROR: GET "/leagues/5e993c0f1fe403517d94c50a" 404    "Invalid ID"
2020-04-17T05:36:09.009Z    ERROR: GET "/leagues/5e99404885e5c45235f4be43" 200    "test"
2020-04-17T05:37:34.278Z    ERROR: GET "/leagues/5e99409e736e04525f516cd8" 200    "test"
2020-04-17T05:38:23.418Z    ERROR: GET "/leagues/5e9940cfabd196527d23584c" 500    "test"
2020-04-17T05:49:11.385Z    ERROR: GET "/leagues/truck" 400    "Invalid ID"
2020-04-17T05:58:19.974Z    ERROR: GET "/leagues/truck" 400    "Invalid ID"
2020-04-17T06:46:25.706Z    ERROR: GET "/leagues/truck" 400    "Invalid ID"
2020-04-17T06:46:25.730Z    ERROR: GET "/leagues/5e9950c1ea588d53c8fe24c8" 404    "League not found"
2020-04-17T06:59:11.558Z    ERROR: POST "/leagues" 500    "League validation failed: name: Path `name` is required."
2020-04-17T07:02:23.020Z    ERROR: POST "/leagues" 500    "League validation failed: name: Path `name` is required."
2020-04-17T07:05:08.434Z    ERROR: POST "/leagues" 500    "League validation failed: name: Path `name` is required."
2020-04-17T07:05:53.887Z    ERROR: POST "/leagues" 500    "League validation failed: name: Path `name` is required."
2020-04-17T07:06:59.630Z    ERROR: POST "/leagues" 500    "League validation failed: name: Path `name` is required."
2020-04-17T07:07:35.683Z    ERROR: GET "/leagues/truck" 400    "Invalid ID"
2020-04-17T07:07:35.718Z    ERROR: GET "/leagues/5e9955b721b26e5479e19723" 404    "League not found"
2020-04-17T07:08:06.062Z    ERROR: GET "/leagues/truck" 400    "Invalid ID"
2020-04-17T07:08:06.087Z    ERROR: GET "/leagues/5e9955d6ac789c548eeecb00" 404    "League not found"
2020-04-17T07:10:17.992Z    ERROR: POST "/leagues" 500    "League validation failed: name: Path `name` is required."
2020-04-17T07:10:44.893Z    ERROR: POST "/leagues" 422    "League validation failed: name: Path `name` is required."
2020-04-17T07:11:48.030Z    ERROR: POST "/leagues" 422    "League validation failed: name: Path `name` is required."
2020-04-17T07:12:10.367Z    ERROR: POST "/leagues" 422    "League validation failed: name: Path `name` is required."
2020-04-17T11:17:51.964Z    ERROR: GET "/leagues/truck" 400    "Invalid ID"
2020-04-17T11:17:52.017Z    ERROR: GET "/leagues/5e999060b183da55fe0cb2eb" 404    "League not found"
2020-04-17T11:17:52.120Z    ERROR: POST "/leagues" 422    "League validation failed: name: Path `name` is required."
2020-04-17T11:33:11.119Z    ERROR: GET "/leagues/truck" 400    "Invalid ID"
2020-04-17T11:33:11.166Z    ERROR: GET "/leagues/5e9993f7a717cb562e5764e8" 404    "League not found"
2020-04-17T11:33:11.262Z    ERROR: POST "/leagues" 422    "League validation failed: name: Path `name` is required."
2020-04-17T11:33:11.303Z    ERROR: PUT "/leagues/undefined" 404    "Not Found"
2020-04-17T11:34:17.909Z    ERROR: GET "/leagues/truck" 400    "Invalid ID"
2020-04-17T11:34:17.970Z    ERROR: GET "/leagues/5e999439729ac0564c9fee2f" 404    "League not found"
2020-04-17T11:34:18.064Z    ERROR: POST "/leagues" 422    "League validation failed: name: Path `name` is required."
2020-04-17T11:34:18.105Z    ERROR: PUT "/leagues/undefined" 404    "Not Found"
2020-04-17T11:38:44.635Z    ERROR: GET "/leagues/truck" 400    "Invalid ID"
2020-04-17T11:38:44.673Z    ERROR: GET "/leagues/5e9995447b7c175668a337bf" 404    "League not found"
2020-04-17T11:38:44.768Z    ERROR: POST "/leagues" 422    "League validation failed: name: Path `name` is required."
2020-04-17T11:39:10.566Z    ERROR: GET "/leagues/truck" 400    "Invalid ID"
2020-04-17T11:39:10.630Z    ERROR: GET "/leagues/5e99955eb4b61956785e25d7" 404    "League not found"
2020-04-17T11:39:10.720Z    ERROR: POST "/leagues" 422    "League validation failed: name: Path `name` is required."
2020-04-17T11:40:33.768Z    ERROR: GET "/leagues/truck" 400    "Invalid ID"
2020-04-17T11:40:33.822Z    ERROR: GET "/leagues/5e9995b12f1e155690e6e13c" 404    "League not found"
2020-04-17T11:40:33.930Z    ERROR: POST "/leagues" 422    "League validation failed: name: Path `name` is required."
2020-04-17T11:41:09.320Z    ERROR: GET "/leagues/truck" 400    "Invalid ID"
2020-04-17T11:41:09.376Z    ERROR: GET "/leagues/5e9995d547b8d456a54fc464" 404    "League not found"
2020-04-17T11:41:09.474Z    ERROR: POST "/leagues" 422    "League validation failed: name: Path `name` is required."
2020-04-17T11:50:34.342Z    ERROR: GET "/leagues/truck" 400    "Invalid ID"
2020-04-17T11:50:34.395Z    ERROR: GET "/leagues/5e99980aee0e6e56cc561a1c" 404    "League not found"
2020-04-17T11:50:34.489Z    ERROR: POST "/leagues" 422    "League validation failed: name: Path `name` is required."
2020-04-17T11:52:14.597Z    ERROR: PUT "/leagues/truck" 400    "Invalid ID"
2020-04-17T11:52:32.486Z    ERROR: GET "/leagues/truck" 400    "Invalid ID"
2020-04-17T11:52:32.552Z    ERROR: GET "/leagues/5e9998800035dd57176a8ecd" 404    "League not found"
2020-04-17T11:52:32.643Z    ERROR: POST "/leagues" 422    "League validation failed: name: Path `name` is required."
2020-04-17T11:52:32.746Z    ERROR: PUT "/leagues/truck" 400    "Invalid ID"
2020-04-17T11:56:50.397Z    ERROR: GET "/leagues/truck" 400    "Invalid ID"
2020-04-17T11:56:50.487Z    ERROR: GET "/leagues/5e9999823d7d5c572c7115ac" 404    "League not found"
2020-04-17T11:56:50.550Z    ERROR: POST "/leagues" 422    "League validation failed: name: Path `name` is required."
2020-04-17T11:56:50.650Z    ERROR: PUT "/leagues/truck" 400    "Invalid ID"
2020-04-17T11:57:19.996Z    ERROR: GET "/leagues/truck" 400    "Invalid ID"
2020-04-17T11:57:20.052Z    ERROR: GET "/leagues/5e9999a0f792a45741a5fb00" 404    "League not found"
2020-04-17T11:57:20.153Z    ERROR: POST "/leagues" 422    "League validation failed: name: Path `name` is required."
2020-04-17T11:57:20.256Z    ERROR: PUT "/leagues/truck" 400    "Invalid ID"
2020-04-17T11:57:20.299Z    ERROR: PUT "/leagues/undefined" 400    "Invalid ID"
2020-04-17T11:58:37.333Z    ERROR: PUT "/leagues/undefined" 400    "Invalid ID"
2020-04-17T11:59:44.024Z    ERROR: PUT "/leagues/undefined" 400    "Invalid ID"
2020-04-17T12:00:19.911Z    ERROR: PUT "/leagues/undefined" 400    "Invalid ID"
2020-04-17T12:00:44.833Z    ERROR: PUT "/leagues/undefined" 400    "Invalid ID"
2020-04-17T12:01:53.966Z    ERROR: PUT "/leagues/undefined" 400    "Invalid ID"
2020-04-17T12:02:50.427Z    ERROR: PUT "/leagues/undefined" 400    "Invalid ID"
2020-04-17T12:03:36.942Z    ERROR: PUT "/leagues/5e999b188f917b5803da2172" 422    "League validation failed: name: Path `name` is required."
2020-04-17T12:04:52.713Z    ERROR: PUT "/leagues/5e999b64b14d6a58209a1c48" 404    "League not found"
2020-04-17T12:08:45.923Z    ERROR: GET "/leagues/truck" 400    "Invalid ID"
2020-04-17T12:08:45.957Z    ERROR: GET "/leagues/5e999c4d87ede05860434441" 404    "League not found"
2020-04-17T12:08:46.013Z    ERROR: POST "/leagues" 422    "League validation failed: name: Path `name` is required."
2020-04-17T12:08:46.033Z    ERROR: PUT "/leagues/truck" 400    "Invalid ID"
2020-04-17T12:08:46.063Z    ERROR: PUT "/leagues/5e999c4e87ede05860434449" 404    "League not found"
2020-04-17T12:08:46.073Z    ERROR: PUT "/leagues/5e999c4e87ede0586043444a" 422    "League validation failed: name: Path `name` is required."
2020-04-17T12:11:35.024Z    ERROR: GET "/leagues/truck" 400    "Invalid ID"
2020-04-17T12:11:35.035Z    ERROR: GET "/leagues/5e999cf76a60a7589ef26a6d" 404    "League not found"
2020-04-17T12:11:35.091Z    ERROR: POST "/leagues" 422    "League validation failed: name: Path `name` is required."
2020-04-17T12:11:35.132Z    ERROR: PUT "/leagues/truck" 400    "Invalid ID"
2020-04-17T12:11:35.166Z    ERROR: PUT "/leagues/5e999cf76a60a7589ef26a75" 404    "League not found"
2020-04-17T12:11:35.176Z    ERROR: PUT "/leagues/5e999cf76a60a7589ef26a76" 422    "League validation failed: name: Path `name` is required."
2020-04-17T12:56:53.232Z    ERROR: DELETE "/leagues/truck" 400    "Invalid ID"
2020-04-17T13:00:02.441Z    ERROR: DELETE "/leagues/truck" 400    "Invalid ID"
2020-04-17T13:01:09.428Z    ERROR: DELETE "/leagues/truck" 400    "Invalid ID"
2020-04-17T13:01:09.448Z    ERROR: DELETE "/leagues/5e99a8950587c159d7a82180" 404    "League not found"
2020-04-17T13:04:30.334Z    ERROR: DELETE "/leagues/truck" 400    "Invalid ID"
2020-04-17T13:04:30.354Z    ERROR: DELETE "/leagues/5e99a95e5717235a02d1f2da" 404    "League not found"
2020-04-17T13:04:53.670Z    ERROR: DELETE "/leagues/truck" 400    "Invalid ID"
2020-04-17T13:04:53.677Z    ERROR: DELETE "/leagues/5e99a9754ad6be5a1ab4996e" 404    "League not found"
2020-04-17T13:05:41.795Z    ERROR: DELETE "/leagues/truck" 400    "Invalid ID"
2020-04-17T13:05:41.805Z    ERROR: DELETE "/leagues/5e99a9a5df086f5a34bda46c" 404    "League not found"
2020-04-17T13:06:51.084Z    ERROR: DELETE "/leagues/truck" 400    "Invalid ID"
2020-04-17T13:06:51.108Z    ERROR: DELETE "/leagues/5e99a9eb415e175a4d129a23" 404    "League not found"
2020-04-17T13:07:34.537Z    ERROR: DELETE "/leagues/truck" 400    "Invalid ID"
2020-04-17T13:07:34.559Z    ERROR: DELETE "/leagues/5e99aa165c8f655a6566a3c3" 404    "League not found"
2020-04-17T13:08:57.478Z    ERROR: DELETE "/leagues/truck" 400    "Invalid ID"
2020-04-17T13:08:57.512Z    ERROR: DELETE "/leagues/5e99aa696131fa5a81fbaa17" 404    "League not found"
2020-04-17T13:15:46.286Z    ERROR: GET "/leagues/truck" 400    "Invalid ID"
2020-04-17T13:15:46.293Z    ERROR: GET "/leagues/5e99ac027dbceb5aa7eee8c1" 404    "League not found"
2020-04-17T13:15:46.334Z    ERROR: POST "/leagues" 422    "League validation failed: name: Path `name` is required."
2020-04-17T13:15:46.377Z    ERROR: PUT "/leagues/truck" 400    "Invalid ID"
2020-04-17T13:15:46.384Z    ERROR: PUT "/leagues/5e99ac027dbceb5aa7eee8c7" 404    "League not found"
2020-04-17T13:15:46.394Z    ERROR: PUT "/leagues/5e99ac027dbceb5aa7eee8c8" 422    "League validation failed: name: Path `name` is required."
2020-04-17T13:15:46.436Z    ERROR: DELETE "/leagues/truck" 400    "Invalid ID"
2020-04-17T13:15:46.441Z    ERROR: DELETE "/leagues/5e99ac027dbceb5aa7eee8ca" 404    "League not found"
