2020-04-17T04:20:22.089Z    HTTP: GET "/leagues" 200    "...Logging"
2020-04-17T04:20:22.167Z    HTTP: POST "/leagues" 200    "...Logging"
2020-04-17T04:23:39.724Z    HTTP: GET "/leagues" 200    "...Logging"
2020-04-17T04:23:39.806Z    HTTP: POST "/leagues" 200    "...Logging"
2020-04-17T04:23:58.353Z    HTTP: GET "/leagues" 200    "...Logging"
2020-04-17T04:23:58.433Z    HTTP: POST "/leagues" 200    "...Logging"
2020-04-17T04:24:26.501Z    HTTP: GET "/leagues" 200    "...Logging"
2020-04-17T04:24:26.590Z    HTTP: POST "/leagues" 200    "...Logging"
2020-04-17T04:25:01.078Z    HTTP: GET "/leagues" 200    "...Logging"
2020-04-17T04:25:01.132Z    HTTP: POST "/leagues" 200    "...Logging"
2020-04-17T04:25:40.126Z    HTTP: GET "/leagues" 200    "...Logging"
2020-04-17T04:25:40.181Z    HTTP: POST "/leagues" 200    "...Logging"
2020-04-17T05:03:56.151Z    HTTP: GET "/leagues" 200    "...Logging"
2020-04-17T05:03:56.224Z    HTTP: GET "/leagues/5e9938bcbc0bf750c430354a" 200    "...Logging"
2020-04-17T05:03:56.267Z    HTTP: POST "/leagues" 200    "...Logging"
2020-04-17T05:04:33.531Z    HTTP: GET "/leagues" 200    "...Logging"
2020-04-17T05:04:33.602Z    HTTP: GET "/leagues/5e9938e1e8b55f50dcf3bd73" 200    "...Logging"
2020-04-17T05:04:33.646Z    HTTP: POST "/leagues" 200    "...Logging"
2020-04-17T05:13:32.287Z    HTTP: GET "/leagues" 200    "...Logging"
2020-04-17T05:13:32.374Z    HTTP: GET "/leagues/5e993afc2d543251146507a1" 200    "...Logging"
2020-04-17T05:13:32.415Z    HTTP: POST "/leagues" 200    "...Logging"
2020-04-17T05:14:58.606Z    HTTP: GET "/leagues" 200    "...Logging"
2020-04-17T05:14:58.683Z    HTTP: GET "/leagues/5e993b52a73688512995bfe4" 200    "...Logging"
2020-04-17T05:14:58.723Z    HTTP: POST "/leagues" 200    "...Logging"
2020-04-17T05:15:43.027Z    HTTP: GET "/leagues" 200    "...Logging"
2020-04-17T05:15:43.107Z    HTTP: GET "/leagues/5e993b7fb077b0513e32f960" 200    "...Logging"
2020-04-17T05:15:43.163Z    HTTP: POST "/leagues" 200    "...Logging"
2020-04-17T05:17:06.434Z    HTTP: GET "/leagues" 200    "...Logging"
2020-04-17T05:17:06.515Z    HTTP: GET "/leagues/5e993bd28d480e515314620c" 200    "...Logging"
2020-04-17T05:17:06.557Z    HTTP: POST "/leagues" 200    "...Logging"
2020-04-17T05:17:37.836Z    HTTP: GET "/leagues" 200    "...Logging"
2020-04-17T05:17:37.915Z    HTTP: GET "/leagues/5e993bf1221a3751683ce001" 200    "...Logging"
2020-04-17T05:17:37.963Z    HTTP: POST "/leagues" 200    "...Logging"
2020-04-17T05:18:07.604Z    HTTP: GET "/leagues" 200    "...Logging"
2020-04-17T05:18:07.688Z    HTTP: GET "/leagues/5e993c0f1fe403517d94c50a" 200    "...Logging"
2020-04-17T05:18:07.733Z    HTTP: POST "/leagues" 200    "...Logging"
2020-04-17T05:18:41.741Z    HTTP: GET "/leagues" 200    "...Logging"
2020-04-17T05:18:41.817Z    HTTP: GET "/leagues/5e993c31e9c33f5192e953e0" 200    "...Logging"
2020-04-17T05:18:41.869Z    HTTP: POST "/leagues" 200    "...Logging"
2020-04-17T05:19:28.736Z    HTTP: GET "/leagues" 200    "...Logging"
2020-04-17T05:19:28.880Z    HTTP: GET "/leagues/5e993c60ae4f3d51ab11fb7b" 200    "...Logging"
2020-04-17T05:19:28.924Z    HTTP: POST "/leagues" 200    "...Logging"
2020-04-17T05:36:08.933Z    HTTP: GET "/leagues" 200    "...Logging"
2020-04-17T05:36:08.996Z    HTTP: GET "/leagues/5e99404885e5c45235f4be43" 200    "...Logging"
2020-04-17T05:36:09.053Z    HTTP: POST "/leagues" 200    "...Logging"
2020-04-17T05:36:59.611Z    HTTP: GET "/leagues" 200    "...Logging"
2020-04-17T05:36:59.676Z    HTTP: GET "/leagues/5e99407b6276db525113a08f" 200    "...Logging"
2020-04-17T05:36:59.719Z    HTTP: POST "/leagues" 200    "...Logging"
2020-04-17T05:37:34.193Z    HTTP: GET "/leagues" 200    "...Logging"
2020-04-17T05:37:34.266Z    HTTP: GET "/leagues/5e99409e736e04525f516cd8" 200    "...Logging"
2020-04-17T05:37:34.321Z    HTTP: POST "/leagues" 200    "...Logging"
2020-04-17T05:38:23.346Z    HTTP: GET "/leagues" 200    "...Logging"
2020-04-17T05:38:23.416Z    HTTP: GET "/leagues/5e9940cfabd196527d23584c" 200    "...Logging"
2020-04-17T05:38:23.454Z    HTTP: POST "/leagues" 200    "...Logging"
2020-04-17T05:49:11.283Z    HTTP: GET "/leagues" 200    "...Logging"
2020-04-17T05:49:11.349Z    HTTP: GET "/leagues/5e99435724033f53060841eb" 200    "...Logging"
2020-04-17T05:49:11.378Z    HTTP: GET "/leagues/truck" 200    "...Logging"
2020-04-17T05:49:11.417Z    HTTP: POST "/leagues" 200    "...Logging"
2020-04-17T05:58:19.867Z    HTTP: GET "/leagues" 200    "...Logging"
2020-04-17T05:58:19.932Z    HTTP: GET "/leagues/5e99457b9575245354ca2006" 200    "...Logging"
2020-04-17T05:58:19.972Z    HTTP: GET "/leagues/truck" 200    "...Logging"
2020-04-17T05:58:20.004Z    HTTP: POST "/leagues" 200    "...Logging"
2020-04-17T06:46:25.597Z    HTTP: GET "/leagues" 200    "...Logging"
2020-04-17T06:46:25.667Z    HTTP: GET "/leagues/5e9950c1ea588d53c8fe24c5" 200    "...Logging"
2020-04-17T06:46:25.703Z    HTTP: GET "/leagues/truck" 200    "...Logging"
2020-04-17T06:46:25.726Z    HTTP: GET "/leagues/5e9950c1ea588d53c8fe24c8" 200    "...Logging"
2020-04-17T06:46:25.760Z    HTTP: POST "/leagues" 200    "...Logging"
2020-04-17T06:59:02.107Z    HTTP: POST "/leagues" 200    "...Logging"
2020-04-17T06:59:11.555Z    HTTP: POST "/leagues" 200    "...Logging"
2020-04-17T07:02:23.009Z    HTTP: POST "/leagues" 200    "...Logging"
2020-04-17T07:05:08.412Z    HTTP: POST "/leagues" 200    "...Logging"
2020-04-17T07:05:53.875Z    HTTP: POST "/leagues" 200    "...Logging"
2020-04-17T07:06:59.618Z    HTTP: POST "/leagues" 200    "...Logging"
2020-04-17T07:07:35.551Z    HTTP: GET "/leagues" 200    "...Logging"
2020-04-17T07:07:35.618Z    HTTP: GET "/leagues/5e9955b721b26e5479e19720" 200    "...Logging"
2020-04-17T07:07:35.657Z    HTTP: GET "/leagues/truck" 200    "...Logging"
2020-04-17T07:07:35.705Z    HTTP: GET "/leagues/5e9955b721b26e5479e19723" 200    "...Logging"
2020-04-17T07:07:35.755Z    HTTP: POST "/leagues" 200    "...Logging"
2020-04-17T07:08:05.890Z    HTTP: GET "/leagues" 200    "...Logging"
2020-04-17T07:08:06.008Z    HTTP: GET "/leagues/5e9955d5ac789c548eeecafd" 200    "...Logging"
2020-04-17T07:08:06.043Z    HTTP: GET "/leagues/truck" 200    "...Logging"
2020-04-17T07:08:06.080Z    HTTP: GET "/leagues/5e9955d6ac789c548eeecb00" 200    "...Logging"
2020-04-17T07:08:06.124Z    HTTP: POST "/leagues" 200    "...Logging"
2020-04-17T07:10:17.972Z    HTTP: POST "/leagues" 200    "...Logging"
2020-04-17T07:10:44.880Z    HTTP: POST "/leagues" 200    "...Logging"
2020-04-17T07:11:48.018Z    HTTP: POST "/leagues" 200    "...Logging"
2020-04-17T07:12:10.353Z    HTTP: POST "/leagues" 200    "...Logging"
2020-04-17T11:17:51.788Z    HTTP: GET "/leagues" 200    "...Logging"
2020-04-17T11:17:51.906Z    HTTP: GET "/leagues/5e99905fb183da55fe0cb2e8" 200    "...Logging"
2020-04-17T11:17:51.961Z    HTTP: GET "/leagues/truck" 200    "...Logging"
2020-04-17T11:17:52.006Z    HTTP: GET "/leagues/5e999060b183da55fe0cb2eb" 200    "...Logging"
2020-04-17T11:17:52.084Z    HTTP: POST "/leagues" 200    "...Logging"
2020-04-17T11:17:52.112Z    HTTP: POST "/leagues" 200    "...Logging"
2020-04-17T11:33:10.980Z    HTTP: GET "/leagues" 200    "...Logging"
2020-04-17T11:33:11.068Z    HTTP: GET "/leagues/5e9993f7a717cb562e5764e5" 200    "...Logging"
2020-04-17T11:33:11.116Z    HTTP: GET "/leagues/truck" 200    "...Logging"
2020-04-17T11:33:11.161Z    HTTP: GET "/leagues/5e9993f7a717cb562e5764e8" 200    "...Logging"
2020-04-17T11:33:11.216Z    HTTP: POST "/leagues" 200    "...Logging"
2020-04-17T11:33:11.254Z    HTTP: POST "/leagues" 200    "...Logging"
2020-04-17T11:33:11.301Z    HTTP: PUT "/leagues/undefined" 200    "...Logging"
2020-04-17T11:34:17.731Z    HTTP: GET "/leagues" 200    "...Logging"
2020-04-17T11:34:17.819Z    HTTP: GET "/leagues/5e999439729ac0564c9fee2c" 200    "...Logging"
2020-04-17T11:34:17.905Z    HTTP: GET "/leagues/truck" 200    "...Logging"
2020-04-17T11:34:17.958Z    HTTP: GET "/leagues/5e999439729ac0564c9fee2f" 200    "...Logging"
2020-04-17T11:34:18.016Z    HTTP: POST "/leagues" 200    "...Logging"
2020-04-17T11:34:18.057Z    HTTP: POST "/leagues" 200    "...Logging"
2020-04-17T11:34:18.103Z    HTTP: PUT "/leagues/undefined" 200    "...Logging"
2020-04-17T11:38:44.490Z    HTTP: GET "/leagues" 200    "...Logging"
2020-04-17T11:38:44.582Z    HTTP: GET "/leagues/5e9995447b7c175668a337bc" 200    "...Logging"
2020-04-17T11:38:44.632Z    HTTP: GET "/leagues/truck" 200    "...Logging"
2020-04-17T11:38:44.668Z    HTTP: GET "/leagues/5e9995447b7c175668a337bf" 200    "...Logging"
2020-04-17T11:38:44.730Z    HTTP: POST "/leagues" 200    "...Logging"
2020-04-17T11:38:44.764Z    HTTP: POST "/leagues" 200    "...Logging"
2020-04-17T11:38:44.812Z    HTTP: PUT "/leagues/undefined" 200    "...Logging"
2020-04-17T11:39:10.379Z    HTTP: GET "/leagues" 200    "...Logging"
2020-04-17T11:39:10.481Z    HTTP: GET "/leagues/5e99955eb4b61956785e25d4" 200    "...Logging"
2020-04-17T11:39:10.562Z    HTTP: GET "/leagues/truck" 200    "...Logging"
2020-04-17T11:39:10.618Z    HTTP: GET "/leagues/5e99955eb4b61956785e25d7" 200    "...Logging"
2020-04-17T11:39:10.678Z    HTTP: POST "/leagues" 200    "...Logging"
2020-04-17T11:39:10.715Z    HTTP: POST "/leagues" 200    "...Logging"
2020-04-17T11:39:10.766Z    HTTP: PUT "/leagues/undefined" 200    "...Logging"
2020-04-17T11:40:33.591Z    HTTP: GET "/leagues" 200    "...Logging"
2020-04-17T11:40:33.682Z    HTTP: GET "/leagues/5e9995b12f1e155690e6e139" 200    "...Logging"
2020-04-17T11:40:33.765Z    HTTP: GET "/leagues/truck" 200    "...Logging"
2020-04-17T11:40:33.814Z    HTTP: GET "/leagues/5e9995b12f1e155690e6e13c" 200    "...Logging"
2020-04-17T11:40:33.889Z    HTTP: POST "/leagues" 200    "...Logging"
2020-04-17T11:40:33.923Z    HTTP: POST "/leagues" 200    "...Logging"
2020-04-17T11:40:33.986Z    HTTP: PUT "/leagues/undefined" 200    "...Logging"
2020-04-17T11:41:09.141Z    HTTP: GET "/leagues" 200    "...Logging"
2020-04-17T11:41:09.231Z    HTTP: GET "/leagues/5e9995d547b8d456a54fc461" 200    "...Logging"
2020-04-17T11:41:09.316Z    HTTP: GET "/leagues/truck" 200    "...Logging"
2020-04-17T11:41:09.371Z    HTTP: GET "/leagues/5e9995d547b8d456a54fc464" 200    "...Logging"
2020-04-17T11:41:09.432Z    HTTP: POST "/leagues" 200    "...Logging"
2020-04-17T11:41:09.469Z    HTTP: POST "/leagues" 200    "...Logging"
2020-04-17T11:41:09.536Z    HTTP: PUT "/leagues/5e9995d547b8d456a54fc469" 200    "...Logging"
2020-04-17T11:50:34.158Z    HTTP: GET "/leagues" 200    "...Logging"
2020-04-17T11:50:34.255Z    HTTP: GET "/leagues/5e99980aee0e6e56cc561a19" 200    "...Logging"
2020-04-17T11:50:34.339Z    HTTP: GET "/leagues/truck" 200    "...Logging"
2020-04-17T11:50:34.383Z    HTTP: GET "/leagues/5e99980aee0e6e56cc561a1c" 200    "...Logging"
2020-04-17T11:50:34.448Z    HTTP: POST "/leagues" 200    "...Logging"
2020-04-17T11:50:34.485Z    HTTP: POST "/leagues" 200    "...Logging"
2020-04-17T11:50:34.533Z    HTTP: PUT "/leagues/5e99980aee0e6e56cc561a21" 200    "...Logging"
2020-04-17T11:50:34.587Z    HTTP: PUT "/leagues/truck" 200    "...Logging"
2020-04-17T11:51:32.284Z    HTTP: PUT "/leagues/truck" 200    "...Logging"
2020-04-17T11:52:14.586Z    HTTP: PUT "/leagues/truck" 200    "...Logging"
2020-04-17T11:52:32.310Z    HTTP: GET "/leagues" 200    "...Logging"
2020-04-17T11:52:32.404Z    HTTP: GET "/leagues/5e9998800035dd57176a8eca" 200    "...Logging"
2020-04-17T11:52:32.483Z    HTTP: GET "/leagues/truck" 200    "...Logging"
2020-04-17T11:52:32.537Z    HTTP: GET "/leagues/5e9998800035dd57176a8ecd" 200    "...Logging"
2020-04-17T11:52:32.602Z    HTTP: POST "/leagues" 200    "...Logging"
2020-04-17T11:52:32.639Z    HTTP: POST "/leagues" 200    "...Logging"
2020-04-17T11:52:32.687Z    HTTP: PUT "/leagues/5e9998800035dd57176a8ed2" 200    "...Logging"
2020-04-17T11:52:32.741Z    HTTP: PUT "/leagues/truck" 200    "...Logging"
2020-04-17T11:56:50.220Z    HTTP: GET "/leagues" 200    "...Logging"
2020-04-17T11:56:50.311Z    HTTP: GET "/leagues/5e9999823d7d5c572c7115a9" 200    "...Logging"
2020-04-17T11:56:50.394Z    HTTP: GET "/leagues/truck" 200    "...Logging"
2020-04-17T11:56:50.448Z    HTTP: GET "/leagues/5e9999823d7d5c572c7115ac" 200    "...Logging"
2020-04-17T11:56:50.524Z    HTTP: POST "/leagues" 200    "...Logging"
2020-04-17T11:56:50.546Z    HTTP: POST "/leagues" 200    "...Logging"
2020-04-17T11:56:50.593Z    HTTP: PUT "/leagues/5e9999823d7d5c572c7115b1" 200    "...Logging"
2020-04-17T11:56:50.644Z    HTTP: PUT "/leagues/truck" 200    "...Logging"
2020-04-17T11:57:19.825Z    HTTP: GET "/leagues" 200    "...Logging"
2020-04-17T11:57:19.911Z    HTTP: GET "/leagues/5e99999ff792a45741a5fafd" 200    "...Logging"
2020-04-17T11:57:19.993Z    HTTP: GET "/leagues/truck" 200    "...Logging"
2020-04-17T11:57:20.047Z    HTTP: GET "/leagues/5e9999a0f792a45741a5fb00" 200    "...Logging"
2020-04-17T11:57:20.118Z    HTTP: POST "/leagues" 200    "...Logging"
2020-04-17T11:57:20.149Z    HTTP: POST "/leagues" 200    "...Logging"
2020-04-17T11:57:20.195Z    HTTP: PUT "/leagues/5e9999a0f792a45741a5fb05" 200    "...Logging"
2020-04-17T11:57:20.249Z    HTTP: PUT "/leagues/truck" 200    "...Logging"
2020-04-17T11:57:20.297Z    HTTP: PUT "/leagues/undefined" 200    "...Logging"
2020-04-17T11:58:37.327Z    HTTP: PUT "/leagues/undefined" 200    "...Logging"
2020-04-17T11:59:44.018Z    HTTP: PUT "/leagues/undefined" 200    "...Logging"
2020-04-17T12:00:19.889Z    HTTP: PUT "/leagues/undefined" 200    "...Logging"
2020-04-17T12:00:44.804Z    HTTP: PUT "/leagues/undefined" 200    "...Logging"
2020-04-17T12:01:53.954Z    HTTP: PUT "/leagues/undefined" 200    "...Logging"
2020-04-17T12:02:50.416Z    HTTP: PUT "/leagues/undefined" 200    "...Logging"
2020-04-17T12:03:36.906Z    HTTP: PUT "/leagues/5e999b188f917b5803da2172" 200    "...Logging"
2020-04-17T12:04:52.625Z    HTTP: PUT "/leagues/5e999b64b14d6a58209a1c48" 200    "...Logging"
2020-04-17T12:08:45.774Z    HTTP: GET "/leagues" 200    "...Logging"
2020-04-17T12:08:45.881Z    HTTP: GET "/leagues/5e999c4d87ede0586043443e" 200    "...Logging"
2020-04-17T12:08:45.922Z    HTTP: GET "/leagues/truck" 200    "...Logging"
2020-04-17T12:08:45.931Z    HTTP: GET "/leagues/5e999c4d87ede05860434441" 200    "...Logging"
2020-04-17T12:08:45.982Z    HTTP: POST "/leagues" 200    "...Logging"
2020-04-17T12:08:46.011Z    HTTP: POST "/leagues" 200    "...Logging"
2020-04-17T12:08:46.019Z    HTTP: PUT "/leagues/5e999c4e87ede05860434446" 200    "...Logging"
2020-04-17T12:08:46.032Z    HTTP: PUT "/leagues/truck" 200    "...Logging"
2020-04-17T12:08:46.060Z    HTTP: PUT "/leagues/5e999c4e87ede05860434449" 200    "...Logging"
2020-04-17T12:08:46.070Z    HTTP: PUT "/leagues/5e999c4e87ede0586043444a" 200    "...Logging"
2020-04-17T12:11:34.897Z    HTTP: GET "/leagues" 200    "...Logging"
2020-04-17T12:11:34.983Z    HTTP: GET "/leagues/5e999cf66a60a7589ef26a6a" 200    "...Logging"
2020-04-17T12:11:35.024Z    HTTP: GET "/leagues/truck" 200    "...Logging"
2020-04-17T12:11:35.032Z    HTTP: GET "/leagues/5e999cf76a60a7589ef26a6d" 200    "...Logging"
2020-04-17T12:11:35.083Z    HTTP: POST "/leagues" 200    "...Logging"
2020-04-17T12:11:35.089Z    HTTP: POST "/leagues" 200    "...Logging"
2020-04-17T12:11:35.116Z    HTTP: PUT "/leagues/5e999cf76a60a7589ef26a72" 200    "...Logging"
2020-04-17T12:11:35.131Z    HTTP: PUT "/leagues/truck" 200    "...Logging"
2020-04-17T12:11:35.164Z    HTTP: PUT "/leagues/5e999cf76a60a7589ef26a75" 200    "...Logging"
2020-04-17T12:11:35.173Z    HTTP: PUT "/leagues/5e999cf76a60a7589ef26a76" 200    "...Logging"
2020-04-17T12:37:49.994Z    HTTP: DELETE "/leagues/5e99a31d49e7d959383c3efd" 200    "...Logging"
2020-04-17T12:54:35.120Z    HTTP: DELETE "/leagues/5e99a70ba4eb3959883953e0" 200    "...Logging"
2020-04-17T12:56:53.159Z    HTTP: DELETE "/leagues/5e99a7950043c159a4ee03b7" 200    "...Logging"
2020-04-17T12:56:53.231Z    HTTP: DELETE "/leagues/truck" 200    "...Logging"
2020-04-17T13:00:02.363Z    HTTP: DELETE "/leagues/5e99a852bd267159bd1c7e63" 200    "...Logging"
2020-04-17T13:00:02.440Z    HTTP: DELETE "/leagues/truck" 200    "...Logging"
2020-04-17T13:00:02.446Z    HTTP: DELETE "/leagues/5e99a852bd267159bd1c7e64" 200    "...Logging"
2020-04-17T13:01:09.382Z    HTTP: DELETE "/leagues/5e99a8950587c159d7a8217f" 200    "...Logging"
2020-04-17T13:01:09.427Z    HTTP: DELETE "/leagues/truck" 200    "...Logging"
2020-04-17T13:01:09.433Z    HTTP: DELETE "/leagues/5e99a8950587c159d7a82180" 200    "...Logging"
2020-04-17T13:04:30.300Z    HTTP: DELETE "/leagues/5e99a95e5717235a02d1f2d9" 200    "...Logging"
2020-04-17T13:04:30.333Z    HTTP: DELETE "/leagues/truck" 200    "...Logging"
2020-04-17T13:04:30.338Z    HTTP: DELETE "/leagues/5e99a95e5717235a02d1f2da" 200    "...Logging"
2020-04-17T13:04:53.641Z    HTTP: DELETE "/leagues/5e99a9754ad6be5a1ab4996d" 200    "...Logging"
2020-04-17T13:04:53.669Z    HTTP: DELETE "/leagues/truck" 200    "...Logging"
2020-04-17T13:04:53.675Z    HTTP: DELETE "/leagues/5e99a9754ad6be5a1ab4996e" 200    "...Logging"
2020-04-17T13:05:41.743Z    HTTP: DELETE "/leagues/5e99a9a5df086f5a34bda46b" 200    "...Logging"
2020-04-17T13:05:41.794Z    HTTP: DELETE "/leagues/truck" 200    "...Logging"
2020-04-17T13:05:41.801Z    HTTP: DELETE "/leagues/5e99a9a5df086f5a34bda46c" 200    "...Logging"
2020-04-17T13:06:51.042Z    HTTP: DELETE "/leagues/5e99a9ea415e175a4d129a22" 200    "...Logging"
2020-04-17T13:06:51.082Z    HTTP: DELETE "/leagues/truck" 200    "...Logging"
2020-04-17T13:06:51.089Z    HTTP: DELETE "/leagues/5e99a9eb415e175a4d129a23" 200    "...Logging"
2020-04-17T13:07:34.489Z    HTTP: DELETE "/leagues/5e99aa165c8f655a6566a3c2" 200    "...Logging"
2020-04-17T13:07:34.536Z    HTTP: DELETE "/leagues/truck" 200    "...Logging"
2020-04-17T13:07:34.543Z    HTTP: DELETE "/leagues/5e99aa165c8f655a6566a3c3" 200    "...Logging"
2020-04-17T13:08:57.454Z    HTTP: DELETE "/leagues/5e99aa696131fa5a81fbaa16" 200    "...Logging"
2020-04-17T13:08:57.477Z    HTTP: DELETE "/leagues/truck" 200    "...Logging"
2020-04-17T13:08:57.484Z    HTTP: DELETE "/leagues/5e99aa696131fa5a81fbaa17" 200    "...Logging"
2020-04-17T13:15:46.149Z    HTTP: GET "/leagues" 200    "...Logging"
2020-04-17T13:15:46.245Z    HTTP: GET "/leagues/5e99ac027dbceb5aa7eee8c0" 200    "...Logging"
2020-04-17T13:15:46.286Z    HTTP: GET "/leagues/truck" 200    "...Logging"
2020-04-17T13:15:46.291Z    HTTP: GET "/leagues/5e99ac027dbceb5aa7eee8c1" 200    "...Logging"
2020-04-17T13:15:46.325Z    HTTP: POST "/leagues" 200    "...Logging"
2020-04-17T13:15:46.332Z    HTTP: POST "/leagues" 200    "...Logging"
2020-04-17T13:15:46.339Z    HTTP: PUT "/leagues/5e99ac027dbceb5aa7eee8c6" 200    "...Logging"
2020-04-17T13:15:46.376Z    HTTP: PUT "/leagues/truck" 200    "...Logging"
2020-04-17T13:15:46.382Z    HTTP: PUT "/leagues/5e99ac027dbceb5aa7eee8c7" 200    "...Logging"
2020-04-17T13:15:46.391Z    HTTP: PUT "/leagues/5e99ac027dbceb5aa7eee8c8" 200    "...Logging"
2020-04-17T13:15:46.429Z    HTTP: DELETE "/leagues/5e99ac027dbceb5aa7eee8c9" 200    "...Logging"
2020-04-17T13:15:46.436Z    HTTP: DELETE "/leagues/truck" 200    "...Logging"
2020-04-17T13:15:46.439Z    HTTP: DELETE "/leagues/5e99ac027dbceb5aa7eee8ca" 200    "...Logging"
2020-04-17T13:49:31.080Z    HTTP: GET "/leagues" 200    "...Logging"
2020-04-17T13:49:31.133Z    HTTP: GET "/leagues/5e99b3eb47a83e5be615b5a1" 200    "...Logging"
2020-04-17T13:49:31.149Z    HTTP: GET "/leagues/truck" 200    "...Logging"
2020-04-17T13:49:31.155Z    HTTP: GET "/leagues/5e99b3eb47a83e5be615b5a2" 200    "...Logging"
2020-04-17T13:49:31.186Z    HTTP: POST "/leagues" 200    "...Logging"
2020-04-17T13:49:31.193Z    HTTP: POST "/leagues" 200    "...Logging"
2020-04-17T13:49:31.200Z    HTTP: PUT "/leagues/5e99b3eb47a83e5be615b5a7" 200    "...Logging"
2020-04-17T13:49:31.210Z    HTTP: PUT "/leagues/truck" 200    "...Logging"
2020-04-17T13:49:31.214Z    HTTP: PUT "/leagues/5e99b3eb47a83e5be615b5a8" 200    "...Logging"
2020-04-17T13:49:31.221Z    HTTP: PUT "/leagues/5e99b3eb47a83e5be615b5a9" 200    "...Logging"
2020-04-17T13:49:31.230Z    HTTP: DELETE "/leagues/5e99b3eb47a83e5be615b5aa" 200    "...Logging"
2020-04-17T13:49:31.237Z    HTTP: DELETE "/leagues/truck" 200    "...Logging"
2020-04-17T13:49:31.240Z    HTTP: DELETE "/leagues/5e99b3eb47a83e5be615b5ab" 200    "...Logging"
